This is XeTeX, Version 3.14159265-2.6-0.99996 (TeX Live 2016) (preloaded format=xelatex 2017.1.10)  10 DEC 2017 15:27
entering extended mode
 restricted \write18 enabled.
 Source specials enabled.
 %&-line parsing enabled.
**minimala-par.md
(./minimala-par.md
LaTeX2e <2016/03/31>
Babel <3.9r> and hyphenation patterns for 83 language(s) loaded.

! LaTeX Error: Missing \begin{document}.

See the LaTeX manual or LaTeX Companion for explanation.
Type  H <return>  for immediate help.
 ...                                              
                                                  
l.1 -
     --
? x
 
Here is how much of TeX's memory you used:
 6 strings out of 493591
 196 string characters out of 6143546
 53754 words of memory out of 5000000
 3513 multiletter control sequences out of 15000+600000
 3640 words of font info for 14 fonts, out of 8000000 for 9000
 1347 hyphenation exceptions out of 8191
 6i,0n,4p,23b,14s stack positions out of 5000i,500n,10000p,200000b,80000s
No pages of output.
