This is XeTeX, Version 3.14159265-2.6-0.99991 (TeX Live 2014) (preloaded format=xelatex 2014.8.24)  9 JUL 2016 20:39
entering extended mode
 restricted \write18 enabled.
 Source specials enabled.
 %&-line parsing enabled.
**tags.mkd
(./tags.mkd
LaTeX2e <2014/05/01>
Babel <3.9k> and hyphenation patterns for 79 languages loaded.

! LaTeX Error: Missing \begin{document}.

See the LaTeX manual or LaTeX Companion for explanation.
Type  H <return>  for immediate help.
 ...                                              
                                                  
l.1 -
     --
? x
 
Here is how much of TeX's memory you used:
 6 strings out of 493725
 167 string characters out of 6145912
 53033 words of memory out of 5000000
 3431 multiletter control sequences out of 15000+600000
 3640 words of font info for 14 fonts, out of 8000000 for 9000
 1328 hyphenation exceptions out of 8191
 6i,0n,4p,16b,14s stack positions out of 5000i,500n,10000p,200000b,80000s
No pages of output.
